[2026-02-04 21:02:36] local.ERROR: Uncaught RuntimeException: Unable to detect application namespace. in E:\lawstudents\vendor\laravel\framework\src\Illuminate\Foundation\Application.php:1733
Stack trace:
#0 Command line code(1): Illuminate\Foundation\Application->getNamespace()
#1 [internal function]: {closure}('E:\\lawstudents\\...')
#2 Command line code(1): array_map(Object(Closure), Array)
#3 {main}
  thrown {"exception":"[object] (Symfony\\Component\\ErrorHandler\\Error\\FatalError(code: 0): Uncaught RuntimeException: Unable to detect application namespace. in E:\\lawstudents\\vendor\\laravel\\framework\\src\\Illuminate\\Foundation\\Application.php:1733
Stack trace:
#0 Command line code(1): Illuminate\\Foundation\\Application->getNamespace()
#1 [internal function]: {closure}('E:\\\\lawstudents\\\\...')
#2 Command line code(1): array_map(Object(Closure), Array)
#3 {main}
  thrown at E:/lawstudents/vendor/laravel/framework/src/Illuminate/Foundation/Application.php:1733)
[stacktrace]
#0 {main}
"} 
[2026-02-04 21:03:36] local.ERROR: Uncaught RuntimeException: Unable to detect application namespace. in E:\lawstudents\vendor\laravel\framework\src\Illuminate\Foundation\Application.php:1733
Stack trace:
#0 Command line code(1): Illuminate\Foundation\Application->getNamespace()
#1 [internal function]: {closure}('E:\\lawstudents\\...')
#2 Command line code(1): array_map(Object(Closure), Array)
#3 {main}
  thrown {"exception":"[object] (Symfony\\Component\\ErrorHandler\\Error\\FatalError(code: 0): Uncaught RuntimeException: Unable to detect application namespace. in E:\\lawstudents\\vendor\\laravel\\framework\\src\\Illuminate\\Foundation\\Application.php:1733
Stack trace:
#0 Command line code(1): Illuminate\\Foundation\\Application->getNamespace()
#1 [internal function]: {closure}('E:\\\\lawstudents\\\\...')
#2 Command line code(1): array_map(Object(Closure), Array)
#3 {main}
  thrown at E:/lawstudents/vendor/laravel/framework/src/Illuminate/Foundation/Application.php:1733)
[stacktrace]
#0 {main}
"} 
[2026-02-04 21:04:36] local.ERROR: Uncaught RuntimeException: Unable to detect application namespace. in E:\lawstudents\vendor\laravel\framework\src\Illuminate\Foundation\Application.php:1733
Stack trace:
#0 Command line code(1): Illuminate\Foundation\Application->getNamespace()
#1 [internal function]: {closure}('E:\\lawstudents\\...')
#2 Command line code(1): array_map(Object(Closure), Array)
#3 {main}
  thrown {"exception":"[object] (Symfony\\Component\\ErrorHandler\\Error\\FatalError(code: 0): Uncaught RuntimeException: Unable to detect application namespace. in E:\\lawstudents\\vendor\\laravel\\framework\\src\\Illuminate\\Foundation\\Application.php:1733
Stack trace:
#0 Command line code(1): Illuminate\\Foundation\\Application->getNamespace()
#1 [internal function]: {closure}('E:\\\\lawstudents\\\\...')
#2 Command line code(1): array_map(Object(Closure), Array)
#3 {main}
  thrown at E:/lawstudents/vendor/laravel/framework/src/Illuminate/Foundation/Application.php:1733)
[stacktrace]
#0 {main}
"} 
[2026-02-04 21:05:36] local.ERROR: Uncaught RuntimeException: Unable to detect application namespace. in E:\lawstudents\vendor\laravel\framework\src\Illuminate\Foundation\Application.php:1733
Stack trace:
#0 Command line code(1): Illuminate\Foundation\Application->getNamespace()
#1 [internal function]: {closure}('E:\\lawstudents\\...')
#2 Command line code(1): array_map(Object(Closure), Array)
#3 {main}
  thrown {"exception":"[object] (Symfony\\Component\\ErrorHandler\\Error\\FatalError(code: 0): Uncaught RuntimeException: Unable to detect application namespace. in E:\\lawstudents\\vendor\\laravel\\framework\\src\\Illuminate\\Foundation\\Application.php:1733
Stack trace:
#0 Command line code(1): Illuminate\\Foundation\\Application->getNamespace()
#1 [internal function]: {closure}('E:\\\\lawstudents\\\\...')
#2 Command line code(1): array_map(Object(Closure), Array)
#3 {main}
  thrown at E:/lawstudents/vendor/laravel/framework/src/Illuminate/Foundation/Application.php:1733)
[stacktrace]
#0 {main}
"} 
